c:\users\adria\desktop\uni\mp\scrabble\segona entrega\1. resources\vc142.pdb
c:\users\adria\desktop\uni\mp\scrabble\segona entrega\1. resources\vc142.idb
c:\users\adria\desktop\uni\mp\scrabble\segona entrega\1. resources\tile.obj
c:\users\adria\desktop\uni\mp\scrabble\segona entrega\1. resources\scrabblegame.obj
c:\users\adria\desktop\uni\mp\scrabble\segona entrega\1. resources\playertile.obj
c:\users\adria\desktop\uni\mp\scrabble\segona entrega\1. resources\player.obj
c:\users\adria\desktop\uni\mp\scrabble\segona entrega\1. resources\lettersbag.obj
c:\users\adria\desktop\uni\mp\scrabble\segona entrega\1. resources\dictionary.obj
c:\users\adria\desktop\uni\mp\scrabble\segona entrega\1. resources\cell.obj
c:\users\adria\desktop\uni\mp\scrabble\segona entrega\1. resources\button.obj
c:\users\adria\desktop\uni\mp\scrabble\segona entrega\1. resources\board.obj
c:\users\adria\desktop\uni\mp\scrabble\segona entrega\1. resources\main.obj
c:\users\adria\desktop\uni\mp\scrabble\segona entrega\1. resources\graphicmanager.obj
c:\users\adria\desktop\uni\mp\scrabble\segona entrega\1. resources\video.obj
c:\users\adria\desktop\uni\mp\scrabble\segona entrega\1. resources\stb_vorbis.obj
c:\users\adria\desktop\uni\mp\scrabble\segona entrega\1. resources\sprites.obj
c:\users\adria\desktop\uni\mp\scrabble\segona entrega\1. resources\sound.obj
c:\users\adria\desktop\uni\mp\scrabble\segona entrega\1. resources\nfont.obj
c:\users\adria\desktop\uni\mp\scrabble\segona entrega\1. resources\mouse.obj
c:\users\adria\desktop\uni\mp\scrabble\segona entrega\1. resources\keyboard.obj
c:\users\adria\desktop\uni\mp\scrabble\segona entrega\1. resources\image_png.obj
c:\users\adria\desktop\uni\mp\scrabble\segona entrega\1. resources\debug.obj
c:\users\adria\desktop\uni\mp\scrabble\segona entrega\1. resources\sdl_fontcache.obj
c:\users\adria\desktop\uni\mp\scrabble\segona entrega\2. platforms\0. windows desktop\program\mp_practica.exe
c:\users\adria\desktop\uni\mp\scrabble\segona entrega\2. platforms\0. windows desktop\program\mp_practica.ilk
c:\users\adria\desktop\uni\mp\scrabble\segona entrega\2. platforms\0. windows desktop\program\mp_practica.pdb
c:\users\adria\desktop\uni\mp\scrabble\segona entrega\2. platforms\0. windows desktop\\program\mp_practica.pdb
c:\users\adria\desktop\uni\mp\scrabble\segona entrega\2. platforms\0. windows desktop\\program\mp_practica.ilk
c:\users\adria\desktop\uni\mp\scrabble\segona entrega\1. resources\mp_practica.tlog\cl.command.1.tlog
c:\users\adria\desktop\uni\mp\scrabble\segona entrega\1. resources\mp_practica.tlog\cl.read.1.tlog
c:\users\adria\desktop\uni\mp\scrabble\segona entrega\1. resources\mp_practica.tlog\cl.write.1.tlog
c:\users\adria\desktop\uni\mp\scrabble\segona entrega\1. resources\mp_practica.tlog\link.command.1.tlog
c:\users\adria\desktop\uni\mp\scrabble\segona entrega\1. resources\mp_practica.tlog\link.read.1.tlog
c:\users\adria\desktop\uni\mp\scrabble\segona entrega\1. resources\mp_practica.tlog\link.write.1.tlog
